commit 4a242aed29a158c1c33967f92d5000a2ad7d3ff6
Author: Austin McLaughlin <txaustinm@gmail.com>
Date:   Sat Jul 30 01:05:15 2011 -0500

    fixed bug in tsort_helper and added tests for topological_sort

commit 1181f2ba06c0437b4c091622506738e5fec98f76
Author: Austin McLaughlin <txaustinm@gmail.com>
Date:   Fri Jul 29 18:25:13 2011 -0500

    implemented topological_sort

commit 04aa909b89ee9fb5e95a88cd6f7a82412bd23cce
Author: Austin McLaughlin <txaustinm@gmail.com>
Date:   Fri Jul 29 01:35:17 2011 -0500

    implemented has_cycle, seems to be working on current tests

commit 402ec51382d82b598e4fbeb57bfdf75cda0fd76f
Author: Austin McLaughlin <txaustinm@gmail.com>
Date:   Wed Jul 27 00:32:06 2011 -0500

    added documentation

commit 9ed654af3873ac41d93f1bde2f0a1b35da541a16
Author: Austin McLaughlin <txaustinm@gmail.com>
Date:   Sun Jul 24 16:56:16 2011 -0500

    implemented constructor, add_vertex, add_edge, edge, num_edges, num_vertices, source, and targe

commit ba4a1978e5d5c00d33bab03b5de2e102aa8750e9
Author: Austin McLaughlin <txaustinm@gmail.com>
Date:   Sat Jul 23 14:04:38 2011 -0500

    previously uploaded source files were incorrect, these are the right ones

commit 334a242b30870fcd4fb6a8430f411e1010c3d10e
Author: Austin McLaughlin <txaustinm@gmail.com>
Date:   Sat Jul 23 13:54:28 2011 -0500

    added source files

commit 8de1263291630f2f2d2f10c962a3862f18452fdd
Author: Austin McLaughlin <txaustinm@gmail.com>
Date:   Sat Jul 23 13:52:57 2011 -0500

    Initialize repository

